{
  "stats": {
    "suites": 4,
    "tests": 9,
    "passes": 0,
    "pending": 0,
    "failures": 9,
    "start": "2021-12-07T18:32:02.420Z",
    "end": "2021-12-07T18:32:33.660Z",
    "duration": 31240,
    "testsRegistered": 9,
    "passPercent": 0,
    "pendingPercent": 0,
    "other": 0,
    "hasOther": false,
    "skipped": 0,
    "hasSkipped": false
  },
  "results": [
    {
      "uuid": "f44a33e0-f442-4cc8-a16c-b9ba9be5e827",
      "title": "",
      "fullFile": "cypress/integration/bonus.spec.js",
      "file": "cypress/integration/bonus.spec.js",
      "beforeHooks": [],
      "afterHooks": [],
      "tests": [],
      "suites": [
        {
          "uuid": "0b64f57a-43f3-4ebf-8088-445f0122f930",
          "title": "12 - Adicione uma tabela à página",
          "fullFile": "",
          "file": "",
          "beforeHooks": [],
          "afterHooks": [],
          "tests": [
            {
              "title": "A página deve possuir uma tabela",
              "fullTitle": "12 - Adicione uma tabela à página A página deve possuir uma tabela",
              "timedOut": null,
              "duration": 10122,
              "state": "failed",
              "speed": null,
              "pass": false,
              "fail": true,
              "pending": false,
              "context": null,
              "code": "(0, _ActionBase.shouldExist)('table');",
              "err": {
                "message": "AssertionError: Timed out retrying: Expected to find element: `table`, but never found it.",
                "estack": "AssertionError: Timed out retrying: Expected to find element: `table`, but never found it.\n    at shouldExist (http://localhost:40011/__cypress/tests?p=cypress/integration/bonus.spec.js:108:20)\n    at Context.eval (http://localhost:40011/__cypress/tests?p=cypress/integration/bonus.spec.js:148:33)",
                "diff": null
              },
              "uuid": "16b27f1f-3308-45f5-8503-7a7d2dfdc30a",
              "parentUUID": "0b64f57a-43f3-4ebf-8088-445f0122f930",
              "isHook": false,
              "skipped": false
            }
          ],
          "suites": [],
          "passes": [],
          "failures": [
            "16b27f1f-3308-45f5-8503-7a7d2dfdc30a"
          ],
          "pending": [],
          "skipped": [],
          "duration": 10122,
          "root": false,
          "rootEmpty": false,
          "_timeout": 2000
        },
        {
          "uuid": "8577ee8f-1361-4f7c-a45e-fdbe077e1a98",
          "title": "13 - Utilize o Box model",
          "fullFile": "",
          "file": "",
          "beforeHooks": [],
          "afterHooks": [],
          "tests": [
            {
              "title": "Altere `margin`, `padding` e `border` dos elementos para ver, na prática, como esses atributos influenciam e melhoram a visualização dos componentes",
              "fullTitle": "13 - Utilize o Box model Altere `margin`, `padding` e `border` dos elementos para ver, na prática, como esses atributos influenciam e melhoram a visualização dos componentes",
              "timedOut": null,
              "duration": 71,
              "state": "failed",
              "speed": null,
              "pass": false,
              "fail": true,
              "pending": false,
              "context": null,
              "code": "cy.readFile('./style.css').then(function (content) {\n  var styles = ['margin', 'padding', 'border'];\n  expect(styles.every(function (style) {\n    return content.match(style);\n  }), 'Do not match styles margin, padding and border').to.be[\"true\"];\n});",
              "err": {
                "message": "AssertionError: Do not match styles margin, padding and border: expected false to be true",
                "estack": "AssertionError: Do not match styles margin, padding and border: expected false to be true\n    at Context.eval (http://localhost:40011/__cypress/tests?p=cypress/integration/bonus.spec.js:160:66)",
                "diff": null
              },
              "uuid": "e65e704c-bfe2-41dd-96c7-c48f4de94597",
              "parentUUID": "8577ee8f-1361-4f7c-a45e-fdbe077e1a98",
              "isHook": false,
              "skipped": false
            }
          ],
          "suites": [],
          "passes": [],
          "failures": [
            "e65e704c-bfe2-41dd-96c7-c48f4de94597"
          ],
          "pending": [],
          "skipped": [],
          "duration": 71,
          "root": false,
          "rootEmpty": false,
          "_timeout": 2000
        },
        {
          "uuid": "5fcaa059-8796-48df-bdfd-a9a7b1ab395e",
          "title": "14 - Altere atributos relacionados as fontes",
          "fullFile": "",
          "file": "",
          "beforeHooks": [],
          "afterHooks": [],
          "tests": [
            {
              "title": "Altere o tamanho da letra",
              "fullTitle": "14 - Altere atributos relacionados as fontes Altere o tamanho da letra",
              "timedOut": null,
              "duration": 77,
              "state": "failed",
              "speed": null,
              "pass": false,
              "fail": true,
              "pending": false,
              "context": null,
              "code": "var styles = [/font:/, /font-size:/];\n(0, _ActionBase.verifyExistingStyle)(styles);",
              "err": {
                "message": "AssertionError: Do not match styles /font:/,/font-size:/: expected false to be true",
                "estack": "AssertionError: Do not match styles /font:/,/font-size:/: expected false to be true\n    at Context.eval (http://localhost:40011/__cypress/tests?p=cypress/integration/bonus.spec.js:125:53)",
                "diff": null
              },
              "uuid": "4df26532-fc01-4045-9844-6f57e53db768",
              "parentUUID": "5fcaa059-8796-48df-bdfd-a9a7b1ab395e",
              "isHook": false,
              "skipped": false
            },
            {
              "title": "Altere a cor da letra",
              "fullTitle": "14 - Altere atributos relacionados as fontes Altere a cor da letra",
              "timedOut": null,
              "duration": 78,
              "state": "failed",
              "speed": null,
              "pass": false,
              "fail": true,
              "pending": false,
              "context": null,
              "code": "var styles = [/font:/, /[^-]color:/];\n(0, _ActionBase.verifyExistingStyle)(styles);",
              "err": {
                "message": "AssertionError: Do not match styles /font:/,/[^-]color:/: expected false to be true",
                "estack": "AssertionError: Do not match styles /font:/,/[^-]color:/: expected false to be true\n    at Context.eval (http://localhost:40011/__cypress/tests?p=cypress/integration/bonus.spec.js:125:53)",
                "diff": null
              },
              "uuid": "d71f217d-98ea-4507-b8cd-aafb6322c1fa",
              "parentUUID": "5fcaa059-8796-48df-bdfd-a9a7b1ab395e",
              "isHook": false,
              "skipped": false
            },
            {
              "title": "Altere o espaçamento entre as linhas",
              "fullTitle": "14 - Altere atributos relacionados as fontes Altere o espaçamento entre as linhas",
              "timedOut": null,
              "duration": 131,
              "state": "failed",
              "speed": null,
              "pass": false,
              "fail": true,
              "pending": false,
              "context": null,
              "code": "var styles = [/font:/, /line-height:/];\n(0, _ActionBase.verifyExistingStyle)(styles);",
              "err": {
                "message": "AssertionError: Do not match styles /font:/,/line-height:/: expected false to be true",
                "estack": "AssertionError: Do not match styles /font:/,/line-height:/: expected false to be true\n    at Context.eval (http://localhost:40011/__cypress/tests?p=cypress/integration/bonus.spec.js:125:53)",
                "diff": null
              },
              "uuid": "1cd9e721-5228-41d7-a013-634518f7928a",
              "parentUUID": "5fcaa059-8796-48df-bdfd-a9a7b1ab395e",
              "isHook": false,
              "skipped": false
            },
            {
              "title": "Altere o `font-family`",
              "fullTitle": "14 - Altere atributos relacionados as fontes Altere o `font-family`",
              "timedOut": null,
              "duration": 151,
              "state": "failed",
              "speed": null,
              "pass": false,
              "fail": true,
              "pending": false,
              "context": null,
              "code": "var styles = [/font:/, /font-family:/];\n(0, _ActionBase.verifyExistingStyle)(styles);",
              "err": {
                "message": "AssertionError: Do not match styles /font:/,/font-family:/: expected false to be true",
                "estack": "AssertionError: Do not match styles /font:/,/font-family:/: expected false to be true\n    at Context.eval (http://localhost:40011/__cypress/tests?p=cypress/integration/bonus.spec.js:125:53)",
                "diff": null
              },
              "uuid": "048f626c-2e60-4a26-8c6a-1ea1f1fa47a0",
              "parentUUID": "5fcaa059-8796-48df-bdfd-a9a7b1ab395e",
              "isHook": false,
              "skipped": false
            }
          ],
          "suites": [],
          "passes": [],
          "failures": [
            "4df26532-fc01-4045-9844-6f57e53db768",
            "d71f217d-98ea-4507-b8cd-aafb6322c1fa",
            "1cd9e721-5228-41d7-a013-634518f7928a",
            "048f626c-2e60-4a26-8c6a-1ea1f1fa47a0"
          ],
          "pending": [],
          "skipped": [],
          "duration": 437,
          "root": false,
          "rootEmpty": false,
          "_timeout": 2000
        },
        {
          "uuid": "7731483b-e588-45ee-a2c7-6a84bbd3c865",
          "title": "15 - Posicione o seu artigo e a seção sobre aprendizados um ao lado do outro",
          "fullFile": "",
          "file": "",
          "beforeHooks": [],
          "afterHooks": [],
          "tests": [
            {
              "title": "Utilizar a classe \"lado-esquerdo\"",
              "fullTitle": "15 - Posicione o seu artigo e a seção sobre aprendizados um ao lado do outro Utilizar a classe \"lado-esquerdo\"",
              "timedOut": null,
              "duration": 10167,
              "state": "failed",
              "speed": null,
              "pass": false,
              "fail": true,
              "pending": false,
              "context": null,
              "code": "(0, _ActionBase.shouldExist)('.lado-esquerdo');",
              "err": {
                "message": "AssertionError: Timed out retrying: Expected to find element: `.lado-esquerdo`, but never found it.",
                "estack": "AssertionError: Timed out retrying: Expected to find element: `.lado-esquerdo`, but never found it.\n    at shouldExist (http://localhost:40011/__cypress/tests?p=cypress/integration/bonus.spec.js:108:20)\n    at Context.eval (http://localhost:40011/__cypress/tests?p=cypress/integration/bonus.spec.js:190:33)",
                "diff": null
              },
              "uuid": "128f20a6-0cd3-482c-9f09-7c3e86c6ab6d",
              "parentUUID": "7731483b-e588-45ee-a2c7-6a84bbd3c865",
              "isHook": false,
              "skipped": false
            },
            {
              "title": "Utilizar a classe \"lado-direito\"",
              "fullTitle": "15 - Posicione o seu artigo e a seção sobre aprendizados um ao lado do outro Utilizar a classe \"lado-direito\"",
              "timedOut": null,
              "duration": 10066,
              "state": "failed",
              "speed": null,
              "pass": false,
              "fail": true,
              "pending": false,
              "context": null,
              "code": "(0, _ActionBase.shouldExist)('.lado-direito');",
              "err": {
                "message": "AssertionError: Timed out retrying: Expected to find element: `.lado-direito`, but never found it.",
                "estack": "AssertionError: Timed out retrying: Expected to find element: `.lado-direito`, but never found it.\n    at shouldExist (http://localhost:40011/__cypress/tests?p=cypress/integration/bonus.spec.js:108:20)\n    at Context.eval (http://localhost:40011/__cypress/tests?p=cypress/integration/bonus.spec.js:193:33)",
                "diff": null
              },
              "uuid": "9a0ae3a8-8df8-4695-b6ec-95334b95b07a",
              "parentUUID": "7731483b-e588-45ee-a2c7-6a84bbd3c865",
              "isHook": false,
              "skipped": false
            },
            {
              "title": "Verificar se os elementos com as classes lado-direito e lado-esquerdo estão posicionados corretamente",
              "fullTitle": "15 - Posicione o seu artigo e a seção sobre aprendizados um ao lado do outro Verificar se os elementos com as classes lado-direito e lado-esquerdo estão posicionados corretamente",
              "timedOut": null,
              "duration": 105,
              "state": "failed",
              "speed": null,
              "pass": false,
              "fail": true,
              "pending": false,
              "context": null,
              "code": "cy.document().then(function (doc) {\n  var leftSide = {\n    top: (0, _ActionBase.evaluateOffset)(doc, '.lado-esquerdo', 'Top'),\n    height: (0, _ActionBase.evaluateOffset)(doc, '.lado-esquerdo', 'Height')\n  };\n  var rightSide = {\n    top: (0, _ActionBase.evaluateOffset)(doc, '.lado-direito', 'Top'),\n    height: (0, _ActionBase.evaluateOffset)(doc, '.lado-direito', 'Height')\n  };\n  expect((0, _ActionBase.isSidebySide)(leftSide, rightSide), 'Not side by side. *hint - search for float, width and positioning properties to achieve this requirement*').to.be[\"true\"];\n});",
              "err": {
                "message": "TypeError: Cannot read property 'offsetTop' of null",
                "estack": "TypeError: Cannot read property 'offsetTop' of null\n    at evaluateOffset (http://localhost:40011/__cypress/tests?p=cypress/integration/bonus.spec.js:112:37)\n    at Context.eval (http://localhost:40011/__cypress/tests?p=cypress/integration/bonus.spec.js:198:45)",
                "diff": null
              },
              "uuid": "aeb310b3-e4bc-4091-aec8-70d38753b359",
              "parentUUID": "7731483b-e588-45ee-a2c7-6a84bbd3c865",
              "isHook": false,
              "skipped": false
            }
          ],
          "suites": [],
          "passes": [],
          "failures": [
            "128f20a6-0cd3-482c-9f09-7c3e86c6ab6d",
            "9a0ae3a8-8df8-4695-b6ec-95334b95b07a",
            "aeb310b3-e4bc-4091-aec8-70d38753b359"
          ],
          "pending": [],
          "skipped": [],
          "duration": 20338,
          "root": false,
          "rootEmpty": false,
          "_timeout": 2000
        }
      ],
      "passes": [],
      "failures": [],
      "pending": [],
      "skipped": [],
      "duration": 0,
      "root": true,
      "rootEmpty": true,
      "_timeout": 2000
    }
  ],
  "meta": {
    "mocha": {
      "version": "7.0.1"
    },
    "mochawesome": {
      "options": {
        "quiet": false,
        "reportFilename": "mochawesome",
        "saveHtml": false,
        "saveJson": true,
        "consoleReporter": "spec",
        "useInlineDiffs": false
      },
      "version": "4.1.0"
    },
    "marge": {
      "options": {
        "id": "default",
        "reportDir": "cypress/reports",
        "overwrite": false,
        "html": false,
        "json": true
      },
      "version": "4.1.0"
    }
  }
}