{
  "stats": {
    "suites": 11,
    "tests": 22,
    "passes": 5,
    "pending": 0,
    "failures": 17,
    "start": "2021-12-07T18:27:27.917Z",
    "end": "2021-12-07T18:30:24.442Z",
    "duration": 176525,
    "testsRegistered": 22,
    "passPercent": 22.727272727272727,
    "pendingPercent": 0,
    "other": 0,
    "hasOther": false,
    "skipped": 0,
    "hasSkipped": false
  },
  "results": [
    {
      "uuid": "62d7501f-88d3-4c38-a2b9-b8951753e918",
      "title": "",
      "fullFile": "cypress/integration/project.spec.js",
      "file": "cypress/integration/project.spec.js",
      "beforeHooks": [],
      "afterHooks": [],
      "tests": [],
      "suites": [
        {
          "uuid": "bb93bc67-1231-4b4c-96c5-9b1030719882",
          "title": "1 - Adicione uma cor de fundo específica para a página",
          "fullFile": "",
          "file": "",
          "beforeHooks": [],
          "afterHooks": [],
          "tests": [
            {
              "title": "Possuir cor de fundo: rgb(253, 251, 251)",
              "fullTitle": "1 - Adicione uma cor de fundo específica para a página Possuir cor de fundo: rgb(253, 251, 251)",
              "timedOut": null,
              "duration": 81,
              "state": "passed",
              "speed": "slow",
              "pass": true,
              "fail": false,
              "pending": false,
              "context": null,
              "code": "cy.get('body').should('have.css', 'backgroundColor', 'rgb(253, 251, 251)');",
              "err": {},
              "uuid": "2afacbcc-85ef-4c79-ab15-6d3e0b7f060b",
              "parentUUID": "bb93bc67-1231-4b4c-96c5-9b1030719882",
              "isHook": false,
              "skipped": false
            }
          ],
          "suites": [],
          "passes": [
            "2afacbcc-85ef-4c79-ab15-6d3e0b7f060b"
          ],
          "failures": [],
          "pending": [],
          "skipped": [],
          "duration": 81,
          "root": false,
          "rootEmpty": false,
          "_timeout": 2000
        },
        {
          "uuid": "3de344ed-699e-4879-8ca1-ae502e2bc769",
          "title": "2 - Adicione uma barra superior com um título",
          "fullFile": "",
          "file": "",
          "beforeHooks": [],
          "afterHooks": [],
          "tests": [
            {
              "title": "A barra deve possuir o ID \"cabecalho\"",
              "fullTitle": "2 - Adicione uma barra superior com um título A barra deve possuir o ID \"cabecalho\"",
              "timedOut": null,
              "duration": 53,
              "state": "passed",
              "speed": "medium",
              "pass": true,
              "fail": false,
              "pending": false,
              "context": null,
              "code": "(0, _ActionBase.shouldExist)('#cabecalho');",
              "err": {},
              "uuid": "337b8d55-b5e9-4cf4-9399-468fee64bc76",
              "parentUUID": "3de344ed-699e-4879-8ca1-ae502e2bc769",
              "isHook": false,
              "skipped": false
            },
            {
              "title": "A barra superior deve ser fixa no topo da página, com a propriedade top tendo o valor `0`",
              "fullTitle": "2 - Adicione uma barra superior com um título A barra superior deve ser fixa no topo da página, com a propriedade top tendo o valor `0`",
              "timedOut": null,
              "duration": 10089,
              "state": "failed",
              "speed": null,
              "pass": false,
              "fail": true,
              "pending": false,
              "context": null,
              "code": "cy.get('#cabecalho').should('have.css', 'position', 'fixed').should('have.css', 'top', '0px');",
              "err": {
                "message": "AssertionError: Timed out retrying: expected '<header#cabecalho>' to have CSS property 'position' with the value 'fixed', but the value was 'static'",
                "estack": "AssertionError: Timed out retrying: expected '<header#cabecalho>' to have CSS property 'position' with the value 'fixed', but the value was 'static'\n    at Context.eval (http://localhost:43217/__cypress/tests?p=cypress/integration/project.spec.js:159:26)",
                "diff": "- 'static'\n+ 'fixed'\n"
              },
              "uuid": "b7c25442-81b0-4b86-af52-66fe82f8d1b9",
              "parentUUID": "3de344ed-699e-4879-8ca1-ae502e2bc769",
              "isHook": false,
              "skipped": false
            },
            {
              "title": "O título deve estar dentro da barra e possuir o ID \"titulo\", além de ser uma tag \"h1\"",
              "fullTitle": "2 - Adicione uma barra superior com um título O título deve estar dentro da barra e possuir o ID \"titulo\", além de ser uma tag \"h1\"",
              "timedOut": null,
              "duration": 68,
              "state": "passed",
              "speed": "medium",
              "pass": true,
              "fail": false,
              "pending": false,
              "context": null,
              "code": "(0, _ActionBase.shouldExist)('#cabecalho h1#titulo');",
              "err": {},
              "uuid": "98519378-a35d-4c0e-aff3-56aa28d48a6e",
              "parentUUID": "3de344ed-699e-4879-8ca1-ae502e2bc769",
              "isHook": false,
              "skipped": false
            }
          ],
          "suites": [],
          "passes": [
            "337b8d55-b5e9-4cf4-9399-468fee64bc76",
            "98519378-a35d-4c0e-aff3-56aa28d48a6e"
          ],
          "failures": [
            "b7c25442-81b0-4b86-af52-66fe82f8d1b9"
          ],
          "pending": [],
          "skipped": [],
          "duration": 10210,
          "root": false,
          "rootEmpty": false,
          "_timeout": 2000
        },
        {
          "uuid": "352668a0-768d-449b-883f-8ab9da7db9d6",
          "title": "3 - Adicione uma foto sua à página",
          "fullFile": "",
          "file": "",
          "beforeHooks": [],
          "afterHooks": [],
          "tests": [
            {
              "title": "A foto deve ser inserida utilizando uma tag img com o ID \"minha_foto\"",
              "fullTitle": "3 - Adicione uma foto sua à página A foto deve ser inserida utilizando uma tag img com o ID \"minha_foto\"",
              "timedOut": null,
              "duration": 10094,
              "state": "failed",
              "speed": null,
              "pass": false,
              "fail": true,
              "pending": false,
              "context": null,
              "code": "cy.get('img#minha_foto').should('have.attr', 'src');",
              "err": {
                "message": "AssertionError: Timed out retrying: Expected to find element: `img#minha_foto`, but never found it.",
                "estack": "AssertionError: Timed out retrying: Expected to find element: `img#minha_foto`, but never found it.\n    at Context.eval (http://localhost:43217/__cypress/tests?p=cypress/integration/project.spec.js:170:30)",
                "diff": null
              },
              "uuid": "fbde6c1e-5d18-4e92-873b-eabbcce29ba6",
              "parentUUID": "352668a0-768d-449b-883f-8ab9da7db9d6",
              "isHook": false,
              "skipped": false
            }
          ],
          "suites": [],
          "passes": [],
          "failures": [
            "fbde6c1e-5d18-4e92-873b-eabbcce29ba6"
          ],
          "pending": [],
          "skipped": [],
          "duration": 10094,
          "root": false,
          "rootEmpty": false,
          "_timeout": 2000
        },
        {
          "uuid": "da8642cf-b5df-4eaf-b2a1-9347353ddd15",
          "title": "4 - Adicione uma lista de lições aprendidas à página",
          "fullFile": "",
          "file": "",
          "beforeHooks": [],
          "afterHooks": [],
          "tests": [
            {
              "title": "A lista deve ser numerada e possuir o ID \"licoes_aprendidas\"",
              "fullTitle": "4 - Adicione uma lista de lições aprendidas à página A lista deve ser numerada e possuir o ID \"licoes_aprendidas\"",
              "timedOut": null,
              "duration": 10095,
              "state": "failed",
              "speed": null,
              "pass": false,
              "fail": true,
              "pending": false,
              "context": null,
              "code": "(0, _ActionBase.shouldExist)('ol#licoes_aprendidas');",
              "err": {
                "message": "AssertionError: Timed out retrying: Expected to find element: `ol#licoes_aprendidas`, but never found it.",
                "estack": "AssertionError: Timed out retrying: Expected to find element: `ol#licoes_aprendidas`, but never found it.\n    at shouldExist (http://localhost:43217/__cypress/tests?p=cypress/integration/project.spec.js:108:20)\n    at Context.eval (http://localhost:43217/__cypress/tests?p=cypress/integration/project.spec.js:178:33)",
                "diff": null
              },
              "uuid": "7ce2d065-090e-4c33-a0bd-2c2efcedba09",
              "parentUUID": "da8642cf-b5df-4eaf-b2a1-9347353ddd15",
              "isHook": false,
              "skipped": false
            },
            {
              "title": "A lista deve possuir 10 itens",
              "fullTitle": "4 - Adicione uma lista de lições aprendidas à página A lista deve possuir 10 itens",
              "timedOut": null,
              "duration": 10120,
              "state": "failed",
              "speed": null,
              "pass": false,
              "fail": true,
              "pending": false,
              "context": null,
              "code": "cy.get('ol#licoes_aprendidas').find('li').should('have.length', 10);",
              "err": {
                "message": "AssertionError: Timed out retrying: Expected to find element: `ol#licoes_aprendidas`, but never found it.",
                "estack": "AssertionError: Timed out retrying: Expected to find element: `ol#licoes_aprendidas`, but never found it.\n    at Context.eval (http://localhost:43217/__cypress/tests?p=cypress/integration/project.spec.js:181:8)",
                "diff": null
              },
              "uuid": "207fb06a-1c70-42b8-a266-67de4f3927d8",
              "parentUUID": "da8642cf-b5df-4eaf-b2a1-9347353ddd15",
              "isHook": false,
              "skipped": false
            }
          ],
          "suites": [],
          "passes": [],
          "failures": [
            "7ce2d065-090e-4c33-a0bd-2c2efcedba09",
            "207fb06a-1c70-42b8-a266-67de4f3927d8"
          ],
          "pending": [],
          "skipped": [],
          "duration": 20215,
          "root": false,
          "rootEmpty": false,
          "_timeout": 2000
        },
        {
          "uuid": "b345c5ae-c87b-48fb-8358-9edc8c02ed89",
          "title": "5 - Crie uma lista de lições que ainda deseja aprender para a página",
          "fullFile": "",
          "file": "",
          "beforeHooks": [],
          "afterHooks": [],
          "tests": [
            {
              "title": "A lista não deve ser numerada e deve possuir o ID \"licoes_a_aprender\"",
              "fullTitle": "5 - Crie uma lista de lições que ainda deseja aprender para a página A lista não deve ser numerada e deve possuir o ID \"licoes_a_aprender\"",
              "timedOut": null,
              "duration": 10107,
              "state": "failed",
              "speed": null,
              "pass": false,
              "fail": true,
              "pending": false,
              "context": null,
              "code": "(0, _ActionBase.shouldExist)('ul#licoes_a_aprender');",
              "err": {
                "message": "AssertionError: Timed out retrying: Expected to find element: `ul#licoes_a_aprender`, but never found it.",
                "estack": "AssertionError: Timed out retrying: Expected to find element: `ul#licoes_a_aprender`, but never found it.\n    at shouldExist (http://localhost:43217/__cypress/tests?p=cypress/integration/project.spec.js:108:20)\n    at Context.eval (http://localhost:43217/__cypress/tests?p=cypress/integration/project.spec.js:189:33)",
                "diff": null
              },
              "uuid": "63255dfa-8f31-4b02-9357-81093ea8049c",
              "parentUUID": "b345c5ae-c87b-48fb-8358-9edc8c02ed89",
              "isHook": false,
              "skipped": false
            },
            {
              "title": "A lista deve possuir 10 itens",
              "fullTitle": "5 - Crie uma lista de lições que ainda deseja aprender para a página A lista deve possuir 10 itens",
              "timedOut": null,
              "duration": 10063,
              "state": "failed",
              "speed": null,
              "pass": false,
              "fail": true,
              "pending": false,
              "context": null,
              "code": "cy.get('ul#licoes_a_aprender').find('li').should('have.length', 10);",
              "err": {
                "message": "AssertionError: Timed out retrying: Expected to find element: `ul#licoes_a_aprender`, but never found it.",
                "estack": "AssertionError: Timed out retrying: Expected to find element: `ul#licoes_a_aprender`, but never found it.\n    at Context.eval (http://localhost:43217/__cypress/tests?p=cypress/integration/project.spec.js:192:8)",
                "diff": null
              },
              "uuid": "0c4344a7-e22b-499b-8455-b4d7c5d4bf63",
              "parentUUID": "b345c5ae-c87b-48fb-8358-9edc8c02ed89",
              "isHook": false,
              "skipped": false
            }
          ],
          "suites": [],
          "passes": [],
          "failures": [
            "63255dfa-8f31-4b02-9357-81093ea8049c",
            "0c4344a7-e22b-499b-8455-b4d7c5d4bf63"
          ],
          "pending": [],
          "skipped": [],
          "duration": 20170,
          "root": false,
          "rootEmpty": false,
          "_timeout": 2000
        },
        {
          "uuid": "4caadfc3-31f9-497a-b792-73b999e5aff6",
          "title": "6 - Adicione um rodapé para a página",
          "fullFile": "",
          "file": "",
          "beforeHooks": [],
          "afterHooks": [],
          "tests": [
            {
              "title": "O rodapé deve possuir o ID \"rodape\"",
              "fullTitle": "6 - Adicione um rodapé para a página O rodapé deve possuir o ID \"rodape\"",
              "timedOut": null,
              "duration": 10112,
              "state": "failed",
              "speed": null,
              "pass": false,
              "fail": true,
              "pending": false,
              "context": null,
              "code": "cy.get('footer#rodape').should('exist');",
              "err": {
                "message": "AssertionError: Timed out retrying: Expected to find element: `footer#rodape`, but never found it.",
                "estack": "AssertionError: Timed out retrying: Expected to find element: `footer#rodape`, but never found it.\n    at Context.eval (http://localhost:43217/__cypress/tests?p=cypress/integration/project.spec.js:200:29)",
                "diff": null
              },
              "uuid": "227cd38b-c863-4e26-8996-6803bdd81939",
              "parentUUID": "4caadfc3-31f9-497a-b792-73b999e5aff6",
              "isHook": false,
              "skipped": false
            }
          ],
          "suites": [],
          "passes": [],
          "failures": [
            "227cd38b-c863-4e26-8996-6803bdd81939"
          ],
          "pending": [],
          "skipped": [],
          "duration": 10112,
          "root": false,
          "rootEmpty": false,
          "_timeout": 2000
        },
        {
          "uuid": "46234de7-83b7-42fd-a3ef-72e3c3754884",
          "title": "7 - Insira pelo menos um link externo na página",
          "fullFile": "",
          "file": "",
          "beforeHooks": [],
          "afterHooks": [],
          "tests": [
            {
              "title": "A configuração desse link deve ser feita para abrir em uma nova aba do navegador",
              "fullTitle": "7 - Insira pelo menos um link externo na página A configuração desse link deve ser feita para abrir em uma nova aba do navegador",
              "timedOut": null,
              "duration": 10112,
              "state": "failed",
              "speed": null,
              "pass": false,
              "fail": true,
              "pending": false,
              "context": null,
              "code": "cy.get('a').then(function (a) {\n  var actual = Array.from(a).some(function (element) {\n    return element.target === '_blank' && element.href !== '';\n  });\n  expect(actual).to.be[\"true\"];\n});",
              "err": {
                "message": "AssertionError: Timed out retrying: Expected to find element: `a`, but never found it.",
                "estack": "AssertionError: Timed out retrying: Expected to find element: `a`, but never found it.\n    at Context.eval (http://localhost:43217/__cypress/tests?p=cypress/integration/project.spec.js:208:8)",
                "diff": null
              },
              "uuid": "df7e4955-1624-4586-941a-903ba40ee06f",
              "parentUUID": "46234de7-83b7-42fd-a3ef-72e3c3754884",
              "isHook": false,
              "skipped": false
            }
          ],
          "suites": [],
          "passes": [],
          "failures": [
            "df7e4955-1624-4586-941a-903ba40ee06f"
          ],
          "pending": [],
          "skipped": [],
          "duration": 10112,
          "root": false,
          "rootEmpty": false,
          "_timeout": 2000
        },
        {
          "uuid": "85e582be-a7b8-44d3-b92b-1e9ab59eb671",
          "title": "8 - Crie um artigo sobre seu aprendizado",
          "fullFile": "",
          "file": "",
          "beforeHooks": [],
          "afterHooks": [],
          "tests": [
            {
              "title": "A `tag` `article` devem ser utilizadas",
              "fullTitle": "8 - Crie um artigo sobre seu aprendizado A `tag` `article` devem ser utilizadas",
              "timedOut": null,
              "duration": 10117,
              "state": "failed",
              "speed": null,
              "pass": false,
              "fail": true,
              "pending": false,
              "context": null,
              "code": "(0, _ActionBase.shouldExist)('article');",
              "err": {
                "message": "AssertionError: Timed out retrying: Expected to find element: `article`, but never found it.",
                "estack": "AssertionError: Timed out retrying: Expected to find element: `article`, but never found it.\n    at shouldExist (http://localhost:43217/__cypress/tests?p=cypress/integration/project.spec.js:108:20)\n    at Context.eval (http://localhost:43217/__cypress/tests?p=cypress/integration/project.spec.js:221:33)",
                "diff": null
              },
              "uuid": "af6a549f-cb9b-4aca-ae24-7a3079cbd129",
              "parentUUID": "85e582be-a7b8-44d3-b92b-1e9ab59eb671",
              "isHook": false,
              "skipped": false
            },
            {
              "title": "O artigo deve ter mais de 300 caracteres e menos de 600",
              "fullTitle": "8 - Crie um artigo sobre seu aprendizado O artigo deve ter mais de 300 caracteres e menos de 600",
              "timedOut": null,
              "duration": 10104,
              "state": "failed",
              "speed": null,
              "pass": false,
              "fail": true,
              "pending": false,
              "context": null,
              "code": "cy.get('article').invoke('text').then(function (text) {\n  expect(text).to.have.length.of.at.most(600);\n  expect(text).to.have.length.of.at.above(300);\n});",
              "err": {
                "message": "AssertionError: Timed out retrying: Expected to find element: `article`, but never found it.",
                "estack": "AssertionError: Timed out retrying: Expected to find element: `article`, but never found it.\n    at Context.eval (http://localhost:43217/__cypress/tests?p=cypress/integration/project.spec.js:224:8)",
                "diff": null
              },
              "uuid": "29aa7cb0-d95c-4c1a-8e46-b296d467a125",
              "parentUUID": "85e582be-a7b8-44d3-b92b-1e9ab59eb671",
              "isHook": false,
              "skipped": false
            }
          ],
          "suites": [],
          "passes": [],
          "failures": [
            "af6a549f-cb9b-4aca-ae24-7a3079cbd129",
            "29aa7cb0-d95c-4c1a-8e46-b296d467a125"
          ],
          "pending": [],
          "skipped": [],
          "duration": 20221,
          "root": false,
          "rootEmpty": false,
          "_timeout": 2000
        },
        {
          "uuid": "670d49e2-6b58-4d72-bedc-6edf03fa27b1",
          "title": "9 - Crie uma seção que conta uma passagem sobre seu aprendizado",
          "fullFile": "",
          "file": "",
          "beforeHooks": [],
          "afterHooks": [],
          "tests": [
            {
              "title": "A `tag` `aside` deve ser utilizada",
              "fullTitle": "9 - Crie uma seção que conta uma passagem sobre seu aprendizado A `tag` `aside` deve ser utilizada",
              "timedOut": null,
              "duration": 10074,
              "state": "failed",
              "speed": null,
              "pass": false,
              "fail": true,
              "pending": false,
              "context": null,
              "code": "(0, _ActionBase.shouldExist)('aside');",
              "err": {
                "message": "AssertionError: Timed out retrying: Expected to find element: `aside`, but never found it.",
                "estack": "AssertionError: Timed out retrying: Expected to find element: `aside`, but never found it.\n    at shouldExist (http://localhost:43217/__cypress/tests?p=cypress/integration/project.spec.js:108:20)\n    at Context.eval (http://localhost:43217/__cypress/tests?p=cypress/integration/project.spec.js:235:33)",
                "diff": null
              },
              "uuid": "dff9fb55-a363-4245-8eae-c6d046ba6d1e",
              "parentUUID": "670d49e2-6b58-4d72-bedc-6edf03fa27b1",
              "isHook": false,
              "skipped": false
            },
            {
              "title": "A seção deve ter mais que 100 caracteres e menos que 300",
              "fullTitle": "9 - Crie uma seção que conta uma passagem sobre seu aprendizado A seção deve ter mais que 100 caracteres e menos que 300",
              "timedOut": null,
              "duration": 10184,
              "state": "failed",
              "speed": null,
              "pass": false,
              "fail": true,
              "pending": false,
              "context": null,
              "code": "cy.get('aside').invoke('text').then(function (text) {\n  expect(text).to.have.length.of.at.above(100);\n  expect(text).to.have.length.of.at.most(300);\n});",
              "err": {
                "message": "AssertionError: Timed out retrying: Expected to find element: `aside`, but never found it.",
                "estack": "AssertionError: Timed out retrying: Expected to find element: `aside`, but never found it.\n    at Context.eval (http://localhost:43217/__cypress/tests?p=cypress/integration/project.spec.js:238:8)",
                "diff": null
              },
              "uuid": "c09c7984-ec76-4497-bfee-ef764d350fae",
              "parentUUID": "670d49e2-6b58-4d72-bedc-6edf03fa27b1",
              "isHook": false,
              "skipped": false
            }
          ],
          "suites": [],
          "passes": [],
          "failures": [
            "dff9fb55-a363-4245-8eae-c6d046ba6d1e",
            "c09c7984-ec76-4497-bfee-ef764d350fae"
          ],
          "pending": [],
          "skipped": [],
          "duration": 20258,
          "root": false,
          "rootEmpty": false,
          "_timeout": 2000
        },
        {
          "uuid": "7901af4d-5445-4183-9a8a-61ced8d860a5",
          "title": "10 - Aplique elementos HTML de acordo com o sentido e propósito de cada um deles",
          "fullFile": "",
          "file": "",
          "beforeHooks": [],
          "afterHooks": [],
          "tests": [
            {
              "title": "Validar se a página possui um elemento \"article\"",
              "fullTitle": "10 - Aplique elementos HTML de acordo com o sentido e propósito de cada um deles Validar se a página possui um elemento \"article\"",
              "timedOut": null,
              "duration": 10096,
              "state": "failed",
              "speed": null,
              "pass": false,
              "fail": true,
              "pending": false,
              "context": null,
              "code": "(0, _ActionBase.shouldExist)('article');",
              "err": {
                "message": "AssertionError: Timed out retrying: Expected to find element: `article`, but never found it.",
                "estack": "AssertionError: Timed out retrying: Expected to find element: `article`, but never found it.\n    at shouldExist (http://localhost:43217/__cypress/tests?p=cypress/integration/project.spec.js:108:20)\n    at Context.eval (http://localhost:43217/__cypress/tests?p=cypress/integration/project.spec.js:249:33)",
                "diff": null
              },
              "uuid": "afc134b0-57b7-4077-9a64-ef47f2f7ef9c",
              "parentUUID": "7901af4d-5445-4183-9a8a-61ced8d860a5",
              "isHook": false,
              "skipped": false
            },
            {
              "title": "Validar se a página possui um elemento \"header\"",
              "fullTitle": "10 - Aplique elementos HTML de acordo com o sentido e propósito de cada um deles Validar se a página possui um elemento \"header\"",
              "timedOut": null,
              "duration": 151,
              "state": "passed",
              "speed": "slow",
              "pass": true,
              "fail": false,
              "pending": false,
              "context": null,
              "code": "(0, _ActionBase.shouldExist)('header');",
              "err": {},
              "uuid": "a63b5c43-ccef-413b-8a78-4a73ecc868f8",
              "parentUUID": "7901af4d-5445-4183-9a8a-61ced8d860a5",
              "isHook": false,
              "skipped": false
            },
            {
              "title": "Validar se a página possui um elemento \"nav\"",
              "fullTitle": "10 - Aplique elementos HTML de acordo com o sentido e propósito de cada um deles Validar se a página possui um elemento \"nav\"",
              "timedOut": null,
              "duration": 10137,
              "state": "failed",
              "speed": null,
              "pass": false,
              "fail": true,
              "pending": false,
              "context": null,
              "code": "(0, _ActionBase.shouldExist)('nav');",
              "err": {
                "message": "AssertionError: Timed out retrying: Expected to find element: `nav`, but never found it.",
                "estack": "AssertionError: Timed out retrying: Expected to find element: `nav`, but never found it.\n    at shouldExist (http://localhost:43217/__cypress/tests?p=cypress/integration/project.spec.js:108:20)\n    at Context.eval (http://localhost:43217/__cypress/tests?p=cypress/integration/project.spec.js:255:33)",
                "diff": null
              },
              "uuid": "b2af4e80-b98a-4227-b581-6a374b83b902",
              "parentUUID": "7901af4d-5445-4183-9a8a-61ced8d860a5",
              "isHook": false,
              "skipped": false
            },
            {
              "title": "Validar se a página possui um elemento \"section\"",
              "fullTitle": "10 - Aplique elementos HTML de acordo com o sentido e propósito de cada um deles Validar se a página possui um elemento \"section\"",
              "timedOut": null,
              "duration": 10124,
              "state": "failed",
              "speed": null,
              "pass": false,
              "fail": true,
              "pending": false,
              "context": null,
              "code": "(0, _ActionBase.shouldExist)('section');",
              "err": {
                "message": "AssertionError: Timed out retrying: Expected to find element: `section`, but never found it.",
                "estack": "AssertionError: Timed out retrying: Expected to find element: `section`, but never found it.\n    at shouldExist (http://localhost:43217/__cypress/tests?p=cypress/integration/project.spec.js:108:20)\n    at Context.eval (http://localhost:43217/__cypress/tests?p=cypress/integration/project.spec.js:258:33)",
                "diff": null
              },
              "uuid": "8b426007-fd98-403c-856e-ddb6fbe1eafd",
              "parentUUID": "7901af4d-5445-4183-9a8a-61ced8d860a5",
              "isHook": false,
              "skipped": false
            },
            {
              "title": "Validar se a página possui um elemento \"aside\"",
              "fullTitle": "10 - Aplique elementos HTML de acordo com o sentido e propósito de cada um deles Validar se a página possui um elemento \"aside\"",
              "timedOut": null,
              "duration": 10140,
              "state": "failed",
              "speed": null,
              "pass": false,
              "fail": true,
              "pending": false,
              "context": null,
              "code": "(0, _ActionBase.shouldExist)('aside');",
              "err": {
                "message": "AssertionError: Timed out retrying: Expected to find element: `aside`, but never found it.",
                "estack": "AssertionError: Timed out retrying: Expected to find element: `aside`, but never found it.\n    at shouldExist (http://localhost:43217/__cypress/tests?p=cypress/integration/project.spec.js:108:20)\n    at Context.eval (http://localhost:43217/__cypress/tests?p=cypress/integration/project.spec.js:261:33)",
                "diff": null
              },
              "uuid": "bb1c73a6-aa6f-43c1-b80b-449c7b8325d3",
              "parentUUID": "7901af4d-5445-4183-9a8a-61ced8d860a5",
              "isHook": false,
              "skipped": false
            },
            {
              "title": "Validar se a página possui um elemento \"footer\"",
              "fullTitle": "10 - Aplique elementos HTML de acordo com o sentido e propósito de cada um deles Validar se a página possui um elemento \"footer\"",
              "timedOut": null,
              "duration": 10132,
              "state": "failed",
              "speed": null,
              "pass": false,
              "fail": true,
              "pending": false,
              "context": null,
              "code": "(0, _ActionBase.shouldExist)('footer');",
              "err": {
                "message": "AssertionError: Timed out retrying: Expected to find element: `footer`, but never found it.",
                "estack": "AssertionError: Timed out retrying: Expected to find element: `footer`, but never found it.\n    at shouldExist (http://localhost:43217/__cypress/tests?p=cypress/integration/project.spec.js:108:20)\n    at Context.eval (http://localhost:43217/__cypress/tests?p=cypress/integration/project.spec.js:264:33)",
                "diff": null
              },
              "uuid": "eaf714d5-8c0e-4f0f-bbe5-2950ba19d943",
              "parentUUID": "7901af4d-5445-4183-9a8a-61ced8d860a5",
              "isHook": false,
              "skipped": false
            }
          ],
          "suites": [],
          "passes": [
            "a63b5c43-ccef-413b-8a78-4a73ecc868f8"
          ],
          "failures": [
            "afc134b0-57b7-4077-9a64-ef47f2f7ef9c",
            "b2af4e80-b98a-4227-b581-6a374b83b902",
            "8b426007-fd98-403c-856e-ddb6fbe1eafd",
            "bb1c73a6-aa6f-43c1-b80b-449c7b8325d3",
            "eaf714d5-8c0e-4f0f-bbe5-2950ba19d943"
          ],
          "pending": [],
          "skipped": [],
          "duration": 50780,
          "root": false,
          "rootEmpty": false,
          "_timeout": 2000
        },
        {
          "uuid": "7654b8c5-4116-41dc-b793-994490f16b8f",
          "title": "11 - Teste a semântica da sua página está aprovada pelo site CodeSniffer",
          "fullFile": "",
          "file": "",
          "beforeHooks": [],
          "afterHooks": [],
          "tests": [
            {
              "title": "Seu site deve passar sem problemas na verificação de semântica do site CodeSniffer",
              "fullTitle": "11 - Teste a semântica da sua página está aprovada pelo site CodeSniffer Seu site deve passar sem problemas na verificação de semântica do site CodeSniffer",
              "timedOut": null,
              "duration": 2483,
              "state": "passed",
              "speed": "slow",
              "pass": true,
              "fail": false,
              "pending": false,
              "context": null,
              "code": "cy.readFile('./index.html').then(function (content) {\n  cy.visit('http://squizlabs.github.io/HTML_CodeSniffer/');\n  cy.get('#runHTMLCS').click();\n  cy.get('#source').invoke('val', content).trigger('input');\n  cy.get('#run-button').click();\n  cy.get('.result-count-errors').contains(/^0$/);\n});",
              "err": {},
              "uuid": "98d5ae55-5b6c-4399-a9bc-bd777b08fec1",
              "parentUUID": "7654b8c5-4116-41dc-b793-994490f16b8f",
              "isHook": false,
              "skipped": false
            }
          ],
          "suites": [],
          "passes": [
            "98d5ae55-5b6c-4399-a9bc-bd777b08fec1"
          ],
          "failures": [],
          "pending": [],
          "skipped": [],
          "duration": 2483,
          "root": false,
          "rootEmpty": false,
          "_timeout": 2000
        }
      ],
      "passes": [],
      "failures": [],
      "pending": [],
      "skipped": [],
      "duration": 0,
      "root": true,
      "rootEmpty": true,
      "_timeout": 2000
    }
  ],
  "meta": {
    "mocha": {
      "version": "7.0.1"
    },
    "mochawesome": {
      "options": {
        "quiet": false,
        "reportFilename": "mochawesome",
        "saveHtml": false,
        "saveJson": true,
        "consoleReporter": "spec",
        "useInlineDiffs": false
      },
      "version": "4.1.0"
    },
    "marge": {
      "options": {
        "id": "default",
        "reportDir": "cypress/reports",
        "overwrite": false,
        "html": false,
        "json": true
      },
      "version": "4.1.0"
    }
  }
}